#
# There is insufficient memory for the Java Runtime Environment to continue.
# Native memory allocation (malloc) failed to allocate 1622016 bytes for Chunk::new
# Possible reasons:
#   The system is out of physical RAM or swap space
#   In 32 bit mode, the process size limit was hit
# Possible solutions:
#   Reduce memory load on the system
#   Increase physical memory or swap space
#   Check if swap backing store is full
#   Use 64 bit Java on a 64 bit OS
#   Decrease Java heap size (-Xmx/-Xms)
#   Decrease number of Java threads
#   Decrease Java thread stack sizes (-Xss)
#   Set larger code cache with -XX:ReservedCodeCacheSize=
# This output file may be truncated or incomplete.
#
#  Out of Memory Error (allocation.cpp:390), pid=9156, tid=10164
#
# JRE version: Java(TM) SE Runtime Environment (8.0_60-b27) (build 1.8.0_60-b27)
# Java VM: Java HotSpot(TM) 64-Bit Server VM (25.60-b23 mixed mode windows-amd64 compressed oops)
# Failed to write core dump. Minidumps are not enabled by default on client versions of Windows
#

---------------  T H R E A D  ---------------

Current thread (0x00000000155c7800):  JavaThread "C2 CompilerThread1" daemon [_thread_in_native, id=10164, stack(0x0000000016cc0000,0x0000000016dc0000)]

Stack: [0x0000000016cc0000,0x0000000016dc0000]
[error occurred during error reporting (printing stack bounds), id 0xc0000005]

Native frames: (J=compiled Java code, j=interpreted, Vv=VM code, C=native code)


Current CompileTask:
C2:   1999 1288       4       com.android.dx.dex.code.OutputFinisher::addConstants (93 bytes)


---------------  P R O C E S S  ---------------

Java Threads: ( => current thread )
  0x0000000017016800 JavaThread "pool-1-thread-1" [_thread_in_Java, id=9636, stack(0x00000000174c0000,0x00000000175c0000)]
  0x0000000016ec6000 JavaThread "Service Thread" daemon [_thread_blocked, id=9660, stack(0x00000000172c0000,0x00000000173c0000)]
  0x00000000155ca000 JavaThread "C1 CompilerThread2" daemon [_thread_blocked, id=6804, stack(0x0000000016dc0000,0x0000000016ec0000)]
=>0x00000000155c7800 JavaThread "C2 CompilerThread1" daemon [_thread_in_native, id=10164, stack(0x0000000016cc0000,0x0000000016dc0000)]
  0x000000001556a000 JavaThread "C2 CompilerThread0" daemon [_thread_in_native, id=10196, stack(0x0000000016bc0000,0x0000000016cc0000)]
  0x0000000015568000 JavaThread "Attach Listener" daemon [_thread_blocked, id=9948, stack(0x0000000016ac0000,0x0000000016bc0000)]
  0x0000000015566800 JavaThread "Signal Dispatcher" daemon [_thread_blocked, id=8640, stack(0x00000000169c0000,0x0000000016ac0000)]
  0x0000000002e97000 JavaThread "Finalizer" daemon [_thread_blocked, id=4252, stack(0x00000000167e0000,0x00000000168e0000)]
  0x0000000002e8e000 JavaThread "Reference Handler" daemon [_thread_blocked, id=10232, stack(0x00000000166e0000,0x00000000167e0000)]
  0x0000000002da1000 JavaThread "main" [_thread_blocked, id=9956, stack(0x0000000002bc0000,0x0000000002cc0000)]

Other Threads:
  0x0000000015537800 VMThread [stack: 0x00000000165e0000,0x00000000166e0000] [id=7440]
  0x0000000016ee3000 WatcherThread [stack: 0x00000000173c0000,0x00000000174c0000] [id=7788]

VM state:not at safepoint (normal execution)

VM Mutex/Monitor currently owned by a thread: None

Heap:
 PSYoungGen      total 18944K, used 11174K [0x00000000eab00000, 0x00000000ec000000, 0x0000000100000000)
  eden space 16384K, 52% used [0x00000000eab00000,0x00000000eb36db50,0x00000000ebb00000)
  from space 2560K, 99% used [0x00000000ebd80000,0x00000000ebffc038,0x00000000ec000000)
  to   space 2560K, 0% used [0x00000000ebb00000,0x00000000ebb00000,0x00000000ebd80000)
 ParOldGen       total 44032K, used 3680K [0x00000000c0000000, 0x00000000c2b00000, 0x00000000eab00000)
  object space 44032K, 8% used [0x00000000c0000000,0x00000000c0398210,0x00000000c2b00000)
 Metaspace       used 6101K, capacity 7032K, committed 7296K, reserved 1056768K
  class space    used 614K, capacity 624K, committed 640K, reserved 1048576K

Card table byte_map: [0x0000000012260000,0x0000000012470000] byte_map_base: 0x0000000011c60000

Marking Bits: (ParMarkBitMap*) 0x00000000756fa5b0
 Begin Bits: [0x00000000129d0000, 0x00000000139d0000)
 End Bits:   [0x00000000139d0000, 0x00000000149d0000)

Polling page: 0x00000000012a0000

CodeCache: size=245760Kb used=5243Kb max_used=5254Kb free=240516Kb
 bounds [0x0000000002ea0000, 0x00000000033d0000, 0x0000000011ea0000]
 total_blobs=1594 nmethods=1325 adapters=182
 compilation: enabled

Compilation events (10 events):
Event: 1.939 Thread 0x000000001556a000 nmethod 1313 0x00000000033bd490 code [0x00000000033bd5e0, 0x00000000033bd738]
Event: 1.939 Thread 0x000000001556a000 1321       4       com.android.dx.rop.type.Type::compareTo (9 bytes)
Event: 1.939 Thread 0x00000000155ca000 1328       3       com.android.dx.dex.file.StringDataItem::addContents (1 bytes)
Event: 1.939 Thread 0x00000000155ca000 nmethod 1328 0x00000000033c4250 code [0x00000000033c43a0, 0x00000000033c44f0]
Event: 1.940 Thread 0x000000001556a000 nmethod 1321 0x00000000033c2910 code [0x00000000033c2a60, 0x00000000033c2c38]
Event: 1.940 Thread 0x000000001556a000 1302       4       java.util.Collections$UnmodifiableCollection::<init> (22 bytes)
Event: 1.940 Thread 0x00000000155ca000 1329       3       com.android.dx.dex.file.CodeItem::itemType (4 bytes)
Event: 1.940 Thread 0x00000000155ca000 nmethod 1329 0x00000000033c25d0 code [0x00000000033c2720, 0x00000000033c2870]
Event: 1.940 Thread 0x000000001556a000 nmethod 1302 0x00000000033bd210 code [0x00000000033bd340, 0x00000000033bd3d8]
Event: 1.940 Thread 0x000000001556a000 1293       4       com.android.dx.dex.code.OutputFinisher::addConstants (68 bytes)

GC Heap History (4 events):
Event: 1.063 GC heap before
{Heap before GC invocations=1 (full 0):
 PSYoungGen      total 18944K, used 16384K [0x00000000eab00000, 0x00000000ec000000, 0x0000000100000000)
  eden space 16384K, 100% used [0x00000000eab00000,0x00000000ebb00000,0x00000000ebb00000)
  from space 2560K, 0% used [0x00000000ebd80000,0x00000000ebd80000,0x00000000ec000000)
  to   space 2560K, 0% used [0x00000000ebb00000,0x00000000ebb00000,0x00000000ebd80000)
 ParOldGen       total 44032K, used 0K [0x00000000c0000000, 0x00000000c2b00000, 0x00000000eab00000)
  object space 44032K, 0% used [0x00000000c0000000,0x00000000c0000000,0x00000000c2b00000)
 Metaspace       used 5754K, capacity 6704K, committed 6784K, reserved 1056768K
  class space    used 594K, capacity 616K, committed 640K, reserved 1048576K
Event: 1.071 GC heap after
Heap after GC invocations=1 (full 0):
 PSYoungGen      total 18944K, used 2554K [0x00000000eab00000, 0x00000000ec000000, 0x0000000100000000)
  eden space 16384K, 0% used [0x00000000eab00000,0x00000000eab00000,0x00000000ebb00000)
  from space 2560K, 99% used [0x00000000ebb00000,0x00000000ebd7eab8,0x00000000ebd80000)
  to   space 2560K, 0% used [0x00000000ebd80000,0x00000000ebd80000,0x00000000ec000000)
 ParOldGen       total 44032K, used 1562K [0x00000000c0000000, 0x00000000c2b00000, 0x00000000eab00000)
  object space 44032K, 3% used [0x00000000c0000000,0x00000000c0186a48,0x00000000c2b00000)
 Metaspace       used 5754K, capacity 6704K, committed 6784K, reserved 1056768K
  class space    used 594K, capacity 616K, committed 640K, reserved 1048576K
}
Event: 1.512 GC heap before
{Heap before GC invocations=2 (full 0):
 PSYoungGen      total 18944K, used 18938K [0x00000000eab00000, 0x00000000ec000000, 0x0000000100000000)
  eden space 16384K, 100% used [0x00000000eab00000,0x00000000ebb00000,0x00000000ebb00000)
  from space 2560K, 99% used [0x00000000ebb00000,0x00000000ebd7eab8,0x00000000ebd80000)
  to   space 2560K, 0% used [0x00000000ebd80000,0x00000000ebd80000,0x00000000ec000000)
 ParOldGen       total 44032K, used 1562K [0x00000000c0000000, 0x00000000c2b00000, 0x00000000eab00000)
  object space 44032K, 3% used [0x00000000c0000000,0x00000000c0186a48,0x00000000c2b00000)
 Metaspace       used 5941K, capacity 6896K, committed 7040K, reserved 1056768K
  class space    used 597K, capacity 616K, committed 640K, reserved 1048576K
Event: 1.594 GC heap after
Heap after GC invocations=2 (full 0):
 PSYoungGen      total 18944K, used 2544K [0x00000000eab00000, 0x00000000ec000000, 0x0000000100000000)
  eden space 16384K, 0% used [0x00000000eab00000,0x00000000eab00000,0x00000000ebb00000)
  from space 2560K, 99% used [0x00000000ebd80000,0x00000000ebffc038,0x00000000ec000000)
  to   space 2560K, 0% used [0x00000000ebb00000,0x00000000ebb00000,0x00000000ebd80000)
 ParOldGen       total 44032K, used 3680K [0x00000000c0000000, 0x00000000c2b00000, 0x00000000eab00000)
  object space 44032K, 8% used [0x00000000c0000000,0x00000000c0398210,0x00000000c2b00000)
 Metaspace       used 5941K, capacity 6896K, committed 7040K, reserved 1056768K
  class space    used 597K, capacity 616K, committed 640K, reserved 1048576K
}

Deoptimization events (10 events):
Event: 1.208 Thread 0x0000000017027800 Uncommon trap: reason=null_check action=make_not_entrant pc=0x0000000003217574 method=com.android.dx.ssa.SsaRenamer.getLocalForNewReg(I)Lcom/android/dx/rop/code/LocalItem; @ 19
Event: 1.209 Thread 0x0000000017027800 Uncommon trap: reason=unstable_if action=reinterpret pc=0x0000000003250c88 method=com.android.dx.ssa.SsaRenamer$BlockRenamer.addMapping(ILcom/android/dx/rop/code/RegisterSpec;)V @ 120
Event: 1.617 Thread 0x0000000017027800 Uncommon trap: reason=unstable_if action=reinterpret pc=0x00000000031781ec method=com.android.dx.rop.code.RegisterSpecSet.put(Lcom/android/dx/rop/code/RegisterSpec;)V @ 77
Event: 1.864 Thread 0x0000000017016800 Uncommon trap: reason=unstable_if action=reinterpret pc=0x0000000003253898 method=java.util.HashMap.putVal(ILjava/lang/Object;Ljava/lang/Object;ZZ)Ljava/lang/Object; @ 94
Event: 1.864 Thread 0x0000000017016800 Uncommon trap: reason=unstable_if action=reinterpret pc=0x00000000032217cc method=java.util.HashMap.putVal(ILjava/lang/Object;Ljava/lang/Object;ZZ)Ljava/lang/Object; @ 94
Event: 1.915 Thread 0x0000000017016800 Uncommon trap: reason=bimorphic action=maybe_recompile pc=0x00000000031241b8 method=java.util.HashMap.getNode(ILjava/lang/Object;)Ljava/util/HashMap$Node; @ 126
Event: 1.926 Thread 0x0000000017016800 Uncommon trap: reason=bimorphic action=maybe_recompile pc=0x00000000031241b8 method=java.util.HashMap.getNode(ILjava/lang/Object;)Ljava/util/HashMap$Node; @ 126
Event: 1.933 Thread 0x0000000017016800 Uncommon trap: reason=bimorphic action=maybe_recompile pc=0x00000000031241b8 method=java.util.HashMap.getNode(ILjava/lang/Object;)Ljava/util/HashMap$Node; @ 126
Event: 1.933 Thread 0x0000000017016800 Uncommon trap: reason=bimorphic action=maybe_recompile pc=0x00000000031241b8 method=java.util.HashMap.getNode(ILjava/lang/Object;)Ljava/util/HashMap$Node; @ 126
Event: 1.933 Thread 0x0000000017016800 Uncommon trap: reason=bimorphic action=maybe_recompile pc=0x00000000030aef64 method=java.util.HashMap.getNode(ILjava/lang/Object;)Ljava/util/HashMap$Node; @ 126

Internal exceptions (4 events):
Event: 0.063 Thread 0x0000000002da1000 Exception <a 'java/lang/NoSuchMethodError': Method sun.misc.Unsafe.defineClass(Ljava/lang/String;[BII)Ljava/lang/Class; name or signature does not match> (0x00000000eab0d238) thrown at [C:\re\workspace\8-2-build-windows-amd64-cygwin\jdk8u60\4407\hotspot\srˆl“>ùD°?
Event: 0.064 Thread 0x0000000002da1000 Exception <a 'java/lang/NoSuchMethodError': Method sun.misc.Unsafe.prefetchRead(Ljava/lang/Object;J)V name or signature does not match> (0x00000000eab0d520) thrown at [C:\re\workspace\8-2-build-windows-amd64-cygwin\jdk8u60\4407\hotspot\src\share\vm\prims\j`2#tÒ¸ð?
Event: 1.045 Thread 0x0000000017050800 Implicit null exception at 0x00000000031f2962 to 0x00000000031f2a5a
Event: 1.208 Thread 0x0000000017027800 Implicit null exception at 0x00000000032152c8 to 0x0000000003217555

Events (10 events):
Event: 1.943 loading class com/android/dx/dex/code/LocalList$MakeState
Event: 1.943 loading class com/android/dx/dex/code/LocalList$MakeState done
Event: 1.943 loading class com/android/dx/dex/code/CatchHandlerList
Event: 1.943 loading class com/android/dx/dex/code/CatchHandlerList done
Event: 1.944 loading class com/android/dx/dex/code/CatchTable
Event: 1.944 loading class com/android/dx/dex/code/CatchTable done
Event: 1.944 loading class com/android/dx/dex/code/LocalList$Disposition
Event: 1.944 loading class com/android/dx/dex/code/LocalList$Disposition done
Event: 1.945 loading class com/android/dx/dex/code/LocalList$Entry
Event: 1.945 loading class com/android/dx/dex/code/LocalList$Entry done


Dynamic libraries:
0x00007ff75bc90000 - 0x00007ff75bcc7000 	C:\Program Files\Java\jdk1.8.0_60\bin\java.exe
0x00007ff849800000 - 0x00007ff8499ad000 	C:\Windows\SYSTEM32\ntdll.dll
0x00007ff847440000 - 0x00007ff84757e000 	C:\Windows\system32\KERNEL32.DLL
0x00007ff846d60000 - 0x00007ff846e75000 	C:\Windows\system32\KERNELBASE.dll
0x00007ff843e20000 - 0x00007ff843eae000 	C:\Windows\system32\apphelp.dll
0x00007ff836320000 - 0x00007ff836373000 	C:\Windows\AppPatch\AppPatch64\AcGenral.DLL
0x00007ff8496f0000 - 0x00007ff84979a000 	C:\Windows\system32\msvcrt.dll
0x00007ff8469f0000 - 0x00007ff846a1e000 	C:\Windows\system32\SspiCli.dll
0x00007ff8497a0000 - 0x00007ff8497f4000 	C:\Windows\system32\SHLWAPI.dll
0x00007ff8490a0000 - 0x00007ff849217000 	C:\Windows\system32\USER32.dll
0x00007ff8494d0000 - 0x00007ff849664000 	C:\Windows\system32\ole32.dll
0x00007ff847980000 - 0x00007ff848ea9000 	C:\Windows\system32\SHELL32.dll
0x00007ff845f40000 - 0x00007ff845f61000 	C:\Windows\SYSTEM32\USERENV.dll
0x00007ff848eb0000 - 0x00007ff848f5a000 	C:\Windows\system32\ADVAPI32.dll
0x00007ff8365a0000 - 0x00007ff8365be000 	C:\Windows\SYSTEM32\MPR.dll
0x00007ff846fe0000 - 0x00007ff847120000 	C:\Windows\system32\RPCRT4.dll
0x00007ff8472e0000 - 0x00007ff847339000 	C:\Windows\SYSTEM32\sechost.dll
0x00007ff847760000 - 0x00007ff847972000 	C:\Windows\SYSTEM32\combase.dll
0x00007ff847190000 - 0x00007ff8472db000 	C:\Windows\system32\GDI32.dll
0x00007ff846920000 - 0x00007ff846935000 	C:\Windows\SYSTEM32\profapi.dll
0x00007ff844670000 - 0x00007ff844722000 	C:\Windows\SYSTEM32\SHCORE.dll
0x00007ff847340000 - 0x00007ff847376000 	C:\Windows\system32\IMM32.DLL
0x00007ff846e80000 - 0x00007ff846fd2000 	C:\Windows\system32\MSCTF.dll
0x0000000077750000 - 0x00000000777d9000 	C:\Windows\System32\SYSFER.DLL
0x00007ff8441f0000 - 0x00007ff84446b000 	C:\Windows\WinSxS\amd64_microsoft.windows.common-controls_6595b64144ccf1df_6.0.9600.18006_none_623f33d3ecbe86e8\COMCTL32.dll
0x0000000074e10000 - 0x0000000074ee2000 	C:\Program Files\Java\jdk1.8.0_60\jre\bin\msvcr100.dll
0x0000000074ef0000 - 0x0000000075779000 	C:\Program Files\Java\jdk1.8.0_60\jre\bin\server\jvm.dll
0x00007ff83e6d0000 - 0x00007ff83e6d9000 	C:\Windows\SYSTEM32\WSOCK32.dll
0x00007ff83f530000 - 0x00007ff83f552000 	C:\Windows\SYSTEM32\WINMM.dll
0x00007ff83ed50000 - 0x00007ff83ed5a000 	C:\Windows\SYSTEM32\VERSION.dll
0x00007ff847580000 - 0x00007ff847587000 	C:\Windows\system32\PSAPI.DLL
0x00007ff848f60000 - 0x00007ff848fba000 	C:\Windows\system32\WS2_32.dll
0x00007ff83f500000 - 0x00007ff83f52a000 	C:\Windows\SYSTEM32\WINMMBASE.dll
0x00007ff8492e0000 - 0x00007ff8492e9000 	C:\Windows\system32\NSI.dll
0x00007ff846d10000 - 0x00007ff846d5f000 	C:\Windows\SYSTEM32\cfgmgr32.dll
0x00007ff845760000 - 0x00007ff845788000 	C:\Windows\SYSTEM32\DEVOBJ.dll
0x0000000075b40000 - 0x0000000075b4f000 	C:\Program Files\Java\jdk1.8.0_60\jre\bin\verify.dll
0x0000000074da0000 - 0x0000000074dc9000 	C:\Program Files\Java\jdk1.8.0_60\jre\bin\java.dll
0x0000000074d80000 - 0x0000000074d96000 	C:\Program Files\Java\jdk1.8.0_60\jre\bin\zip.dll

VM Arguments:
jvm_args: -Djava.awt.headless=true -Xmx1024M -Dfile.encoding=windows-1252 -Duser.country=SG -Duser.language=en -Duser.variant 
java_command: com.android.dx.command.Main --dex --force-jumbo --num-threads=4 --multi-dex --output C:\Users\15004543\Desktop\Year3Sem1\C302(Web Service)\P08\Resources\Android\C302_SecureAddressBook_Starter\C302_SecureAddressBook\app\build\intermediates\transforms\dex\debug\folders\1000\10000\instant-run_d1d5a473959c3b4a6ee321c3a7816084bb5f0b14 C:\Users\15004543\Desktop\Year3Sem1\C302(Web Service)\P08\Resources\Android\C302_SecureAddressBook_Starter\C302_SecureAddressBook\app\build\intermediates\incremental-runtime-classes\debug\instant-run.jar
java_class_path (initial): C:\Android\android-sdk\build-tools\25.0.0\lib\dx.jar
Launcher Type: SUN_STANDARD

Environment Variables:
PATH=C:\Program Files (x86)\NVIDIA Corporation\PhysX\Common;C:\ProgramData\Oracle\Java\javapath;C:\Windows\system32;C:\Windows;C:\Windows\System32\Wbem;C:\Windows\System32\WindowsPowerShell\v1.0\;C:\Program Files (x86)\OpenVPN\bin;C:\Program Files (x86)\Hewlett Packard Enterprise\Records Manager\;C:\Program Files (x86)\Skype\Phone\;C:\Program Files\nodejs\;C:\Users\15004543\AppData\Roaming\npm
USERNAME=15004543
OS=Windows_NT
PROCESSOR_IDENTIFIER=Intel64 Family 6 Model 69 Stepping 1, GenuineIntel



---------------  S Y S T E M  ---------------

OS: Windows 8.1 , 64 bit Build 9600 (6.3.9600.17415)

CPU:total 4 (2 cores per cpu, 2 threads per core) family 6 model 69 stepping 1, cmov, cx8, fxsr, mmx, sse, sse2, sse3, ssse3, sse4.1, sse4.2, popcnt, avx, avx2, aes, clmul, erms, lzcnt, ht, tsc, tscinvbit, bmi1, bmi2

Memory: 4k page, physical 4100364k(281240k free), swap 7246092k(5368k free)

vm_info: Java HotSpot(TM) 64-Bit Server VM (25.60-b23) for windows-amd64 JRE (1.8.0_60-b27), built on Aug  4 2015 11:06:27 by "java_re" with MS VC++ 10.0 (VS2010)

time: Tue Jul 11 12:22:49 2017
elapsed time: 2 seconds (0d 0h 0m 2s)

