#
# There is insufficient memory for the Java Runtime Environment to continue.
# Native memory allocation (malloc) failed to allocate 1268096 bytes for Chunk::new
# Possible reasons:
#   The system is out of physical RAM or swap space
#   In 32 bit mode, the process size limit was hit
# Possible solutions:
#   Reduce memory load on the system
#   Increase physical memory or swap space
#   Check if swap backing store is full
#   Use 64 bit Java on a 64 bit OS
#   Decrease Java heap size (-Xmx/-Xms)
#   Decrease number of Java threads
#   Decrease Java thread stack sizes (-Xss)
#   Set larger code cache with -XX:ReservedCodeCacheSize=
# This output file may be truncated or incomplete.
#
#  Out of Memory Error (allocation.cpp:390), pid=2240, tid=172
#
# JRE version: Java(TM) SE Runtime Environment (8.0_60-b27) (build 1.8.0_60-b27)
# Java VM: Java HotSpot(TM) 64-Bit Server VM (25.60-b23 mixed mode windows-amd64 compressed oops)
# Failed to write core dump. Minidumps are not enabled by default on client versions of Windows
#

---------------  T H R E A D  ---------------

Current thread (0x0000000014818800):  JavaThread "C2 CompilerThread0" daemon [_thread_in_native, id=172, stack(0x0000000015d70000,0x0000000015e70000)]

Stack: [0x0000000015d70000,0x0000000015e70000]
[error occurred during error reporting (printing stack bounds), id 0xc0000005]

Native frames: (J=compiled Java code, j=interpreted, Vv=VM code, C=native code)


Current CompileTask:
C2:   4046 1353       4       com.android.dx.dex.code.OutputFinisher::addConstants (93 bytes)


---------------  P R O C E S S  ---------------

Java Threads: ( => current thread )
  0x00000000162d2800 JavaThread "pool-1-thread-1" [_thread_in_native, id=1088, stack(0x0000000016670000,0x0000000016770000)]
  0x0000000014877800 JavaThread "Service Thread" daemon [_thread_blocked, id=3576, stack(0x0000000016070000,0x0000000016170000)]
  0x0000000014822800 JavaThread "C1 CompilerThread2" daemon [_thread_blocked, id=9860, stack(0x0000000015f70000,0x0000000016070000)]
  0x0000000014820000 JavaThread "C2 CompilerThread1" daemon [_thread_in_native, id=9308, stack(0x0000000015e70000,0x0000000015f70000)]
=>0x0000000014818800 JavaThread "C2 CompilerThread0" daemon [_thread_in_native, id=172, stack(0x0000000015d70000,0x0000000015e70000)]
  0x0000000014816800 JavaThread "Attach Listener" daemon [_thread_blocked, id=4120, stack(0x0000000015c70000,0x0000000015d70000)]
  0x0000000014815800 JavaThread "Signal Dispatcher" daemon [_thread_blocked, id=8164, stack(0x0000000015b70000,0x0000000015c70000)]
  0x0000000002140800 JavaThread "Finalizer" daemon [_thread_blocked, id=5472, stack(0x0000000015a70000,0x0000000015b70000)]
  0x000000000213d000 JavaThread "Reference Handler" daemon [_thread_blocked, id=6544, stack(0x0000000015970000,0x0000000015a70000)]
  0x0000000002051000 JavaThread "main" [_thread_blocked, id=2292, stack(0x0000000001e50000,0x0000000001f50000)]

Other Threads:
  0x00000000147e7800 VMThread [stack: 0x0000000015870000,0x0000000015970000] [id=168]
  0x000000001487e800 WatcherThread [stack: 0x0000000016570000,0x0000000016670000] [id=8824]

VM state:not at safepoint (normal execution)

VM Mutex/Monitor currently owned by a thread:  ([mutex/lock_event])
[0x0000000001dee870] MethodCompileQueue_lock - owner thread: 0x0000000000000000

Heap:
 PSYoungGen      total 35328K, used 18896K [0x00000000eab00000, 0x00000000ed000000, 0x0000000100000000)
  eden space 32768K, 49% used [0x00000000eab00000,0x00000000ebafaf80,0x00000000ecb00000)
  from space 2560K, 98% used [0x00000000ecd80000,0x00000000ecff92a8,0x00000000ed000000)
  to   space 2560K, 0% used [0x00000000ecb00000,0x00000000ecb00000,0x00000000ecd80000)
 ParOldGen       total 44032K, used 3999K [0x00000000c0000000, 0x00000000c2b00000, 0x00000000eab00000)
  object space 44032K, 9% used [0x00000000c0000000,0x00000000c03e7d00,0x00000000c2b00000)
 Metaspace       used 6397K, capacity 7288K, committed 7424K, reserved 1056768K
  class space    used 633K, capacity 688K, committed 768K, reserved 1048576K

Card table byte_map: [0x0000000011510000,0x0000000011720000] byte_map_base: 0x0000000010f10000

Marking Bits: (ParMarkBitMap*) 0x00000000756fa5b0
 Begin Bits: [0x0000000011c80000, 0x0000000012c80000)
 End Bits:   [0x0000000012c80000, 0x0000000013c80000)

Polling page: 0x00000000003f0000

CodeCache: size=245760Kb used=6148Kb max_used=6148Kb free=239611Kb
 bounds [0x0000000002150000, 0x0000000002760000, 0x0000000011150000]
 total_blobs=1864 nmethods=1594 adapters=183
 compilation: enabled

Compilation events (10 events):
Event: 4.030 Thread 0x0000000014822800 1607       1       com.android.dx.rop.cst.CstString::getBytes (5 bytes)
Event: 4.030 Thread 0x0000000014822800 nmethod 1607 0x0000000002752290 code [0x00000000027523e0, 0x00000000027524f0]
Event: 4.030 Thread 0x0000000014822800 1608       2       com.android.dx.dex.file.StringDataItem::writeTo0 (103 bytes)
Event: 4.031 Thread 0x0000000014822800 nmethod 1608 0x0000000002752550 code [0x00000000027527a0, 0x0000000002753088]
Event: 4.031 Thread 0x0000000014822800 1609       2       com.android.dx.util.ByteArrayAnnotatedOutput::write (61 bytes)
Event: 4.031 Thread 0x0000000014822800 nmethod 1609 0x0000000002753910 code [0x0000000002753aa0, 0x0000000002753d48]
Event: 4.031 Thread 0x0000000014822800 1610       2       com.android.dx.util.ByteArray::getBytes (39 bytes)
Event: 4.032 Thread 0x0000000014822800 nmethod 1610 0x0000000002753f10 code [0x0000000002754080, 0x0000000002754358]
Event: 4.037 Thread 0x0000000014822800 1611       2       java.lang.String::toLowerCase (439 bytes)
Event: 4.038 Thread 0x0000000014822800 nmethod 1611 0x0000000002754490 code [0x0000000002754700, 0x0000000002755298]

GC Heap History (4 events):
Event: 1.828 GC heap before
{Heap before GC invocations=1 (full 0):
 PSYoungGen      total 18944K, used 16384K [0x00000000eab00000, 0x00000000ec000000, 0x0000000100000000)
  eden space 16384K, 100% used [0x00000000eab00000,0x00000000ebb00000,0x00000000ebb00000)
  from space 2560K, 0% used [0x00000000ebd80000,0x00000000ebd80000,0x00000000ec000000)
  to   space 2560K, 0% used [0x00000000ebb00000,0x00000000ebb00000,0x00000000ebd80000)
 ParOldGen       total 44032K, used 0K [0x00000000c0000000, 0x00000000c2b00000, 0x00000000eab00000)
  object space 44032K, 0% used [0x00000000c0000000,0x00000000c0000000,0x00000000c2b00000)
 Metaspace       used 5672K, capacity 6768K, committed 7040K, reserved 1056768K
  class space    used 582K, capacity 616K, committed 640K, reserved 1048576K
Event: 1.847 GC heap after
Heap after GC invocations=1 (full 0):
 PSYoungGen      total 18944K, used 2544K [0x00000000eab00000, 0x00000000ed000000, 0x0000000100000000)
  eden space 16384K, 0% used [0x00000000eab00000,0x00000000eab00000,0x00000000ebb00000)
  from space 2560K, 99% used [0x00000000ebb00000,0x00000000ebd7c1a8,0x00000000ebd80000)
  to   space 2560K, 0% used [0x00000000ecd80000,0x00000000ecd80000,0x00000000ed000000)
 ParOldGen       total 44032K, used 2524K [0x00000000c0000000, 0x00000000c2b00000, 0x00000000eab00000)
  object space 44032K, 5% used [0x00000000c0000000,0x00000000c0277188,0x00000000c2b00000)
 Metaspace       used 5672K, capacity 6768K, committed 7040K, reserved 1056768K
  class space    used 582K, capacity 616K, committed 640K, reserved 1048576K
}
Event: 2.569 GC heap before
{Heap before GC invocations=2 (full 0):
 PSYoungGen      total 18944K, used 18928K [0x00000000eab00000, 0x00000000ed000000, 0x0000000100000000)
  eden space 16384K, 100% used [0x00000000eab00000,0x00000000ebb00000,0x00000000ebb00000)
  from space 2560K, 99% used [0x00000000ebb00000,0x00000000ebd7c1a8,0x00000000ebd80000)
  to   space 2560K, 0% used [0x00000000ecd80000,0x00000000ecd80000,0x00000000ed000000)
 ParOldGen       total 44032K, used 2524K [0x00000000c0000000, 0x00000000c2b00000, 0x00000000eab00000)
  object space 44032K, 5% used [0x00000000c0000000,0x00000000c0277188,0x00000000c2b00000)
 Metaspace       used 5742K, capacity 6832K, committed 7040K, reserved 1056768K
  class space    used 585K, capacity 616K, committed 640K, reserved 1048576K
Event: 2.586 GC heap after
Heap after GC invocations=2 (full 0):
 PSYoungGen      total 35328K, used 2532K [0x00000000eab00000, 0x00000000ed000000, 0x0000000100000000)
  eden space 32768K, 0% used [0x00000000eab00000,0x00000000eab00000,0x00000000ecb00000)
  from space 2560K, 98% used [0x00000000ecd80000,0x00000000ecff92a8,0x00000000ed000000)
  to   space 2560K, 0% used [0x00000000ecb00000,0x00000000ecb00000,0x00000000ecd80000)
 ParOldGen       total 44032K, used 3999K [0x00000000c0000000, 0x00000000c2b00000, 0x00000000eab00000)
  object space 44032K, 9% used [0x00000000c0000000,0x00000000c03e7d00,0x00000000c2b00000)
 Metaspace       used 5742K, capacity 6832K, committed 7040K, reserved 1056768K
  class space    used 585K, capacity 616K, committed 640K, reserved 1048576K
}

Deoptimization events (10 events):
Event: 3.505 Thread 0x0000000016406000 Uncommon trap: reason=bimorphic action=maybe_recompile pc=0x000000000265bb54 method=com.android.dx.cf.code.BytecodeArray.parseInstruction(ILcom/android/dx/cf/code/BytecodeArray$Visitor;)I @ 923
Event: 3.505 Thread 0x0000000016406000 Uncommon trap: reason=bimorphic action=maybe_recompile pc=0x000000000265bcd4 method=com.android.dx.cf.code.BytecodeArray.parseInstruction(ILcom/android/dx/cf/code/BytecodeArray$Visitor;)I @ 971
Event: 3.505 Thread 0x0000000016406000 Uncommon trap: reason=bimorphic action=maybe_recompile pc=0x000000000265bbd4 method=com.android.dx.cf.code.BytecodeArray.parseInstruction(ILcom/android/dx/cf/code/BytecodeArray$Visitor;)I @ 939
Event: 3.505 Thread 0x0000000016406000 Uncommon trap: reason=bimorphic action=maybe_recompile pc=0x000000000265bf2c method=com.android.dx.cf.code.BytecodeArray.parseInstruction(ILcom/android/dx/cf/code/BytecodeArray$Visitor;)I @ 1130
Event: 3.505 Thread 0x0000000016406000 Uncommon trap: reason=bimorphic action=maybe_recompile pc=0x000000000265bc54 method=com.android.dx.cf.code.BytecodeArray.parseInstruction(ILcom/android/dx/cf/code/BytecodeArray$Visitor;)I @ 955
Event: 3.750 Thread 0x00000000162d2800 Uncommon trap: reason=class_check action=maybe_recompile pc=0x00000000025cd588 method=java.util.Arrays.hashCode([Ljava/lang/Object;)I @ 43
Event: 3.750 Thread 0x00000000162d2800 Uncommon trap: reason=class_check action=maybe_recompile pc=0x00000000025cd588 method=java.util.Arrays.hashCode([Ljava/lang/Object;)I @ 43
Event: 3.750 Thread 0x00000000162d2800 Uncommon trap: reason=class_check action=maybe_recompile pc=0x00000000025cd588 method=java.util.Arrays.hashCode([Ljava/lang/Object;)I @ 43
Event: 3.750 Thread 0x00000000162d2800 Uncommon trap: reason=class_check action=maybe_recompile pc=0x00000000025cd588 method=java.util.Arrays.hashCode([Ljava/lang/Object;)I @ 43
Event: 3.750 Thread 0x00000000162d2800 Uncommon trap: reason=class_check action=maybe_recompile pc=0x0000000002589228 method=java.util.Arrays.hashCode([Ljava/lang/Object;)I @ 43

Internal exceptions (3 events):
Event: 0.085 Thread 0x0000000002051000 Exception <a 'java/lang/NoSuchMethodError': Method sun.misc.Unsafe.defineClass(Ljava/lang/String;[BII)Ljava/lang/Class; name or signature does not match> (0x00000000eab0d538) thrown at [C:\re\workspace\8-2-build-windows-amd64-cygwin\jdk8u60\4407\hotspot\srË`|!äÕµ?
Event: 0.085 Thread 0x0000000002051000 Exception <a 'java/lang/NoSuchMethodError': Method sun.misc.Unsafe.prefetchRead(Ljava/lang/Object;J)V name or signature does not match> (0x00000000eab0d820) thrown at [C:\re\workspace\8-2-build-windows-amd64-cygwin\jdk8u60\4407\hotspot\src\share\vm\prims\jì‚U`Ä‚ø?
Event: 1.532 Thread 0x00000000163ca800 Implicit null exception at 0x00000000024a7d62 to 0x00000000024a7e69

Events (10 events):
Event: 4.037 loading class sun/misc/FloatingDecimal$ExceptionalBinaryToASCIIBuffer done
Event: 4.037 loading class sun/misc/FloatingDecimal$BinaryToASCIIBuffer
Event: 4.037 loading class sun/misc/FloatingDecimal$BinaryToASCIIBuffer done
Event: 4.037 loading class sun/misc/FloatingDecimal$1
Event: 4.037 loading class sun/misc/FloatingDecimal$1 done
Event: 4.037 loading class sun/misc/FloatingDecimal$PreparedASCIIToBinaryBuffer
Event: 4.037 loading class sun/misc/FloatingDecimal$ASCIIToBinaryConverter
Event: 4.037 loading class sun/misc/FloatingDecimal$ASCIIToBinaryConverter done
Event: 4.038 loading class sun/misc/FloatingDecimal$PreparedASCIIToBinaryBuffer done
Event: 4.038 loading class sun/misc/FDBigInteger


Dynamic libraries:
0x00007ff75bc90000 - 0x00007ff75bcc7000 	C:\Program Files\Java\jdk1.8.0_60\bin\java.exe
0x00007ff849800000 - 0x00007ff8499ad000 	C:\Windows\SYSTEM32\ntdll.dll
0x00007ff847440000 - 0x00007ff84757e000 	C:\Windows\system32\KERNEL32.DLL
0x00007ff846d60000 - 0x00007ff846e75000 	C:\Windows\system32\KERNELBASE.dll
0x00007ff843e20000 - 0x00007ff843eae000 	C:\Windows\system32\apphelp.dll
0x00007ff836670000 - 0x00007ff8366c3000 	C:\Windows\AppPatch\AppPatch64\AcGenral.DLL
0x00007ff8496f0000 - 0x00007ff84979a000 	C:\Windows\system32\msvcrt.dll
0x00007ff8469f0000 - 0x00007ff846a1e000 	C:\Windows\system32\SspiCli.dll
0x00007ff8497a0000 - 0x00007ff8497f4000 	C:\Windows\system32\SHLWAPI.dll
0x00007ff8490a0000 - 0x00007ff849217000 	C:\Windows\system32\USER32.dll
0x00007ff8494d0000 - 0x00007ff849664000 	C:\Windows\system32\ole32.dll
0x00007ff847980000 - 0x00007ff848ea9000 	C:\Windows\system32\SHELL32.dll
0x00007ff845f40000 - 0x00007ff845f61000 	C:\Windows\SYSTEM32\USERENV.dll
0x00007ff848eb0000 - 0x00007ff848f5a000 	C:\Windows\system32\ADVAPI32.dll
0x00007ff8365a0000 - 0x00007ff8365be000 	C:\Windows\SYSTEM32\MPR.dll
0x00007ff846fe0000 - 0x00007ff847120000 	C:\Windows\system32\RPCRT4.dll
0x00007ff8472e0000 - 0x00007ff847339000 	C:\Windows\SYSTEM32\sechost.dll
0x00007ff847760000 - 0x00007ff847972000 	C:\Windows\SYSTEM32\combase.dll
0x00007ff847190000 - 0x00007ff8472db000 	C:\Windows\system32\GDI32.dll
0x00007ff846920000 - 0x00007ff846935000 	C:\Windows\SYSTEM32\profapi.dll
0x00007ff844670000 - 0x00007ff844722000 	C:\Windows\SYSTEM32\SHCORE.dll
0x00007ff847340000 - 0x00007ff847376000 	C:\Windows\system32\IMM32.DLL
0x00007ff846e80000 - 0x00007ff846fd2000 	C:\Windows\system32\MSCTF.dll
0x0000000077750000 - 0x00000000777d9000 	C:\Windows\System32\SYSFER.DLL
0x00007ff8441f0000 - 0x00007ff84446b000 	C:\Windows\WinSxS\amd64_microsoft.windows.common-controls_6595b64144ccf1df_6.0.9600.18006_none_623f33d3ecbe86e8\COMCTL32.dll
0x0000000074e10000 - 0x0000000074ee2000 	C:\Program Files\Java\jdk1.8.0_60\jre\bin\msvcr100.dll
0x0000000074ef0000 - 0x0000000075779000 	C:\Program Files\Java\jdk1.8.0_60\jre\bin\server\jvm.dll
0x00007ff83e6d0000 - 0x00007ff83e6d9000 	C:\Windows\SYSTEM32\WSOCK32.dll
0x00007ff83f530000 - 0x00007ff83f552000 	C:\Windows\SYSTEM32\WINMM.dll
0x00007ff83ed50000 - 0x00007ff83ed5a000 	C:\Windows\SYSTEM32\VERSION.dll
0x00007ff847580000 - 0x00007ff847587000 	C:\Windows\system32\PSAPI.DLL
0x00007ff848f60000 - 0x00007ff848fba000 	C:\Windows\system32\WS2_32.dll
0x00007ff83f500000 - 0x00007ff83f52a000 	C:\Windows\SYSTEM32\WINMMBASE.dll
0x00007ff8492e0000 - 0x00007ff8492e9000 	C:\Windows\system32\NSI.dll
0x00007ff846d10000 - 0x00007ff846d5f000 	C:\Windows\SYSTEM32\cfgmgr32.dll
0x00007ff845760000 - 0x00007ff845788000 	C:\Windows\SYSTEM32\DEVOBJ.dll
0x0000000075b40000 - 0x0000000075b4f000 	C:\Program Files\Java\jdk1.8.0_60\jre\bin\verify.dll
0x0000000074da0000 - 0x0000000074dc9000 	C:\Program Files\Java\jdk1.8.0_60\jre\bin\java.dll
0x0000000074d80000 - 0x0000000074d96000 	C:\Program Files\Java\jdk1.8.0_60\jre\bin\zip.dll

VM Arguments:
jvm_args: -Djava.awt.headless=true -Xmx1024M -Dfile.encoding=windows-1252 -Duser.country=SG -Duser.language=en -Duser.variant 
java_command: com.android.dx.command.Main --dex --force-jumbo --num-threads=4 --multi-dex --output C:\Users\15004543\Desktop\Year3Sem1\C302(Web Service)\P08\Resources\Android\C302_SecureAddressBook_Starter\C302_SecureAddressBook\app\build\intermediates\transforms\dex\debug\folders\1000\10\classes_cd43a9eff301828a98a332ed73ea845e29aa28e5 C:\Users\15004543\.android\build-cache\d360cb75a2682e0e87578a238622fcc2ce4dba9c\output\jars\classes.jar
java_class_path (initial): C:\Android\android-sdk\build-tools\25.0.0\lib\dx.jar
Launcher Type: SUN_STANDARD

Environment Variables:
PATH=C:\Program Files (x86)\NVIDIA Corporation\PhysX\Common;C:\ProgramData\Oracle\Java\javapath;C:\Windows\system32;C:\Windows;C:\Windows\System32\Wbem;C:\Windows\System32\WindowsPowerShell\v1.0\;C:\Program Files (x86)\OpenVPN\bin;C:\Program Files (x86)\Hewlett Packard Enterprise\Records Manager\;C:\Program Files (x86)\Skype\Phone\;C:\Program Files\nodejs\;C:\Users\15004543\AppData\Roaming\npm
USERNAME=15004543
OS=Windows_NT
PROCESSOR_IDENTIFIER=Intel64 Family 6 Model 69 Stepping 1, GenuineIntel



---------------  S Y S T E M  ---------------

OS: Windows 8.1 , 64 bit Build 9600 (6.3.9600.17415)

CPU:total 4 (2 cores per cpu, 2 threads per core) family 6 model 69 stepping 1, cmov, cx8, fxsr, mmx, sse, sse2, sse3, ssse3, sse4.1, sse4.2, popcnt, avx, avx2, aes, clmul, erms, lzcnt, ht, tsc, tscinvbit, bmi1, bmi2

Memory: 4k page, physical 4100364k(282624k free), swap 7246092k(6808k free)

vm_info: Java HotSpot(TM) 64-Bit Server VM (25.60-b23) for windows-amd64 JRE (1.8.0_60-b27), built on Aug  4 2015 11:06:27 by "java_re" with MS VC++ 10.0 (VS2010)

time: Tue Jul 11 15:10:30 2017
elapsed time: 4 seconds (0d 0h 0m 4s)

