#
# There is insufficient memory for the Java Runtime Environment to continue.
# Native memory allocation (malloc) failed to allocate 688336 bytes for Chunk::new
# Possible reasons:
#   The system is out of physical RAM or swap space
#   In 32 bit mode, the process size limit was hit
# Possible solutions:
#   Reduce memory load on the system
#   Increase physical memory or swap space
#   Check if swap backing store is full
#   Use 64 bit Java on a 64 bit OS
#   Decrease Java heap size (-Xmx/-Xms)
#   Decrease number of Java threads
#   Decrease Java thread stack sizes (-Xss)
#   Set larger code cache with -XX:ReservedCodeCacheSize=
# This output file may be truncated or incomplete.
#
#  Out of Memory Error (allocation.cpp:390), pid=8992, tid=8696
#
# JRE version: Java(TM) SE Runtime Environment (8.0_60-b27) (build 1.8.0_60-b27)
# Java VM: Java HotSpot(TM) 64-Bit Server VM (25.60-b23 mixed mode windows-amd64 compressed oops)
# Failed to write core dump. Minidumps are not enabled by default on client versions of Windows
#

---------------  T H R E A D  ---------------

Current thread (0x0000000015709000):  JavaThread "C2 CompilerThread0" daemon [_thread_in_native, id=8696, stack(0x0000000016d40000,0x0000000016e40000)]

Stack: [0x0000000016d40000,0x0000000016e40000]
[error occurred during error reporting (printing stack bounds), id 0xc0000005]

Native frames: (J=compiled Java code, j=interpreted, Vv=VM code, C=native code)


Current CompileTask:
C2:   2062 1154       4       com.android.dx.ssa.LocalVariableExtractor::processBlock (383 bytes)


---------------  P R O C E S S  ---------------

Java Threads: ( => current thread )
  0x00000000172a6800 JavaThread "pool-2-thread-4" [_thread_in_Java, id=9060, stack(0x0000000017a40000,0x0000000017b40000)]
  0x000000001729a800 JavaThread "pool-2-thread-3" [_thread_in_Java, id=8932, stack(0x0000000017940000,0x0000000017a40000)]
  0x0000000017299800 JavaThread "pool-2-thread-2" [_thread_in_Java, id=8488, stack(0x0000000017840000,0x0000000017940000)]
  0x00000000171d5800 JavaThread "pool-3-thread-1" [_thread_blocked, id=8252, stack(0x0000000017740000,0x0000000017840000)]
  0x0000000017167800 JavaThread "pool-2-thread-1" [_thread_in_Java, id=7840, stack(0x0000000017640000,0x0000000017740000)]
  0x0000000017044000 JavaThread "Service Thread" daemon [_thread_blocked, id=672, stack(0x0000000017440000,0x0000000017540000)]
  0x0000000015769000 JavaThread "C1 CompilerThread2" daemon [_thread_blocked, id=8632, stack(0x0000000016f40000,0x0000000017040000)]
  0x0000000015766800 JavaThread "C2 CompilerThread1" daemon [_thread_in_native, id=9124, stack(0x0000000016e40000,0x0000000016f40000)]
=>0x0000000015709000 JavaThread "C2 CompilerThread0" daemon [_thread_in_native, id=8696, stack(0x0000000016d40000,0x0000000016e40000)]
  0x0000000015707000 JavaThread "Attach Listener" daemon [_thread_blocked, id=8456, stack(0x0000000016c40000,0x0000000016d40000)]
  0x0000000015705800 JavaThread "Signal Dispatcher" daemon [_thread_blocked, id=9072, stack(0x0000000016b40000,0x0000000016c40000)]
  0x0000000002f66000 JavaThread "Finalizer" daemon [_thread_blocked, id=8388, stack(0x0000000016960000,0x0000000016a60000)]
  0x0000000002f5d000 JavaThread "Reference Handler" daemon [_thread_blocked, id=9212, stack(0x0000000016860000,0x0000000016960000)]
  0x0000000002e71000 JavaThread "main" [_thread_in_vm, id=8704, stack(0x0000000002cd0000,0x0000000002dd0000)]

Other Threads:
  0x00000000156d7800 VMThread [stack: 0x0000000016760000,0x0000000016860000] [id=8508]
  0x000000001704a000 WatcherThread [stack: 0x0000000017540000,0x0000000017640000] [id=7744]

VM state:not at safepoint (normal execution)

VM Mutex/Monitor currently owned by a thread: None

Heap:
 PSYoungGen      total 35328K, used 19514K [0x00000000eab00000, 0x00000000ed000000, 0x0000000100000000)
  eden space 32768K, 51% used [0x00000000eab00000,0x00000000ebb8f198,0x00000000ecb00000)
  from space 2560K, 99% used [0x00000000ecd80000,0x00000000ecfff6a8,0x00000000ed000000)
  to   space 2560K, 0% used [0x00000000ecb00000,0x00000000ecb00000,0x00000000ecd80000)
 ParOldGen       total 44032K, used 22870K [0x00000000c0000000, 0x00000000c2b00000, 0x00000000eab00000)
  object space 44032K, 51% used [0x00000000c0000000,0x00000000c1655ab0,0x00000000c2b00000)
 Metaspace       used 5771K, capacity 6896K, committed 7040K, reserved 1056768K
  class space    used 584K, capacity 616K, committed 640K, reserved 1048576K

Card table byte_map: [0x0000000012400000,0x0000000012610000] byte_map_base: 0x0000000011e00000

Marking Bits: (ParMarkBitMap*) 0x00000000756fa5b0
 Begin Bits: [0x0000000012b70000, 0x0000000013b70000)
 End Bits:   [0x0000000013b70000, 0x0000000014b70000)

Polling page: 0x0000000001350000

CodeCache: size=245760Kb used=4828Kb max_used=4854Kb free=240931Kb
 bounds [0x0000000003040000, 0x0000000003510000, 0x0000000012040000]
 total_blobs=1460 nmethods=1198 adapters=175
 compilation: enabled

Compilation events (10 events):
Event: 1.943 Thread 0x0000000015769000 1225       2       com.android.dx.dex.file.EncodedField::<init> (25 bytes)
Event: 1.943 Thread 0x0000000015769000 nmethod 1225 0x00000000034eac90 code [0x00000000034eae00, 0x00000000034eb028]
Event: 1.943 Thread 0x0000000015769000 1226       2       com.android.dx.dex.file.ClassDefItem::addStaticField (10 bytes)
Event: 1.944 Thread 0x0000000015769000 nmethod 1226 0x00000000034eb650 code [0x00000000034eb7c0, 0x00000000034eb928]
Event: 1.944 Thread 0x0000000015769000 1227       2       com.android.dx.dex.file.EncodedField::hashCode (8 bytes)
Event: 1.944 Thread 0x0000000015769000 nmethod 1227 0x00000000034eba10 code [0x00000000034ebba0, 0x00000000034ebdc8]
Event: 1.944 Thread 0x0000000015769000 1228       2       com.android.dx.dex.cf.CfTranslator::coerceConstant (144 bytes)
Event: 1.945 Thread 0x0000000015769000 nmethod 1228 0x00000000034ec110 code [0x00000000034ec340, 0x00000000034eca48]
Event: 1.955 Thread 0x0000000015709000 nmethod 1132 0x00000000034f3210 code [0x00000000034f3820, 0x00000000034f9100]
Event: 1.955 Thread 0x0000000015709000 1154       4       com.android.dx.ssa.LocalVariableExtractor::processBlock (383 bytes)

GC Heap History (8 events):
Event: 1.145 GC heap before
{Heap before GC invocations=1 (full 0):
 PSYoungGen      total 18944K, used 16384K [0x00000000eab00000, 0x00000000ec000000, 0x0000000100000000)
  eden space 16384K, 100% used [0x00000000eab00000,0x00000000ebb00000,0x00000000ebb00000)
  from space 2560K, 0% used [0x00000000ebd80000,0x00000000ebd80000,0x00000000ec000000)
  to   space 2560K, 0% used [0x00000000ebb00000,0x00000000ebb00000,0x00000000ebd80000)
 ParOldGen       total 44032K, used 0K [0x00000000c0000000, 0x00000000c2b00000, 0x00000000eab00000)
  object space 44032K, 0% used [0x00000000c0000000,0x00000000c0000000,0x00000000c2b00000)
 Metaspace       used 5557K, capacity 6704K, committed 6784K, reserved 1056768K
  class space    used 580K, capacity 616K, committed 640K, reserved 1048576K
Event: 1.154 GC heap after
Heap after GC invocations=1 (full 0):
 PSYoungGen      total 18944K, used 2557K [0x00000000eab00000, 0x00000000ec000000, 0x0000000100000000)
  eden space 16384K, 0% used [0x00000000eab00000,0x00000000eab00000,0x00000000ebb00000)
  from space 2560K, 99% used [0x00000000ebb00000,0x00000000ebd7f6a8,0x00000000ebd80000)
  to   space 2560K, 0% used [0x00000000ebd80000,0x00000000ebd80000,0x00000000ec000000)
 ParOldGen       total 44032K, used 2479K [0x00000000c0000000, 0x00000000c2b00000, 0x00000000eab00000)
  object space 44032K, 5% used [0x00000000c0000000,0x00000000c026be38,0x00000000c2b00000)
 Metaspace       used 5557K, capacity 6704K, committed 6784K, reserved 1056768K
  class space    used 580K, capacity 616K, committed 640K, reserved 1048576K
}
Event: 1.444 GC heap before
{Heap before GC invocations=2 (full 0):
 PSYoungGen      total 18944K, used 18941K [0x00000000eab00000, 0x00000000ec000000, 0x0000000100000000)
  eden space 16384K, 100% used [0x00000000eab00000,0x00000000ebb00000,0x00000000ebb00000)
  from space 2560K, 99% used [0x00000000ebb00000,0x00000000ebd7f6a8,0x00000000ebd80000)
  to   space 2560K, 0% used [0x00000000ebd80000,0x00000000ebd80000,0x00000000ec000000)
 ParOldGen       total 44032K, used 2479K [0x00000000c0000000, 0x00000000c2b00000, 0x00000000eab00000)
  object space 44032K, 5% used [0x00000000c0000000,0x00000000c026be38,0x00000000c2b00000)
 Metaspace       used 5708K, capacity 6832K, committed 7040K, reserved 1056768K
  class space    used 583K, capacity 616K, committed 640K, reserved 1048576K
Event: 1.498 GC heap after
Heap after GC invocations=2 (full 0):
 PSYoungGen      total 18944K, used 2549K [0x00000000eab00000, 0x00000000ed000000, 0x0000000100000000)
  eden space 16384K, 0% used [0x00000000eab00000,0x00000000eab00000,0x00000000ebb00000)
  from space 2560K, 99% used [0x00000000ebd80000,0x00000000ebffd710,0x00000000ec000000)
  to   space 2560K, 0% used [0x00000000ebb00000,0x00000000ebb00000,0x00000000ebd80000)
 ParOldGen       total 44032K, used 7157K [0x00000000c0000000, 0x00000000c2b00000, 0x00000000eab00000)
  object space 44032K, 16% used [0x00000000c0000000,0x00000000c06fd5a8,0x00000000c2b00000)
 Metaspace       used 5708K, capacity 6832K, committed 7040K, reserved 1056768K
  class space    used 583K, capacity 616K, committed 640K, reserved 1048576K
}
Event: 1.549 GC heap before
{Heap before GC invocations=3 (full 0):
 PSYoungGen      total 18944K, used 18933K [0x00000000eab00000, 0x00000000ed000000, 0x0000000100000000)
  eden space 16384K, 100% used [0x00000000eab00000,0x00000000ebb00000,0x00000000ebb00000)
  from space 2560K, 99% used [0x00000000ebd80000,0x00000000ebffd710,0x00000000ec000000)
  to   space 2560K, 0% used [0x00000000ebb00000,0x00000000ebb00000,0x00000000ebd80000)
 ParOldGen       total 44032K, used 7157K [0x00000000c0000000, 0x00000000c2b00000, 0x00000000eab00000)
  object space 44032K, 16% used [0x00000000c0000000,0x00000000c06fd5a8,0x00000000c2b00000)
 Metaspace       used 5715K, capacity 6832K, committed 7040K, reserved 1056768K
  class space    used 583K, capacity 616K, committed 640K, reserved 1048576K
Event: 1.570 GC heap after
Heap after GC invocations=3 (full 0):
 PSYoungGen      total 18944K, used 2541K [0x00000000eab00000, 0x00000000ed000000, 0x0000000100000000)
  eden space 16384K, 0% used [0x00000000eab00000,0x00000000eab00000,0x00000000ebb00000)
  from space 2560K, 99% used [0x00000000ebb00000,0x00000000ebd7b6b8,0x00000000ebd80000)
  to   space 2560K, 0% used [0x00000000ecd80000,0x00000000ecd80000,0x00000000ed000000)
 ParOldGen       total 44032K, used 14965K [0x00000000c0000000, 0x00000000c2b00000, 0x00000000eab00000)
  object space 44032K, 33% used [0x00000000c0000000,0x00000000c0e9d608,0x00000000c2b00000)
 Metaspace       used 5715K, capacity 6832K, committed 7040K, reserved 1056768K
  class space    used 583K, capacity 616K, committed 640K, reserved 1048576K
}
Event: 1.808 GC heap before
{Heap before GC invocations=4 (full 0):
 PSYoungGen      total 18944K, used 18925K [0x00000000eab00000, 0x00000000ed000000, 0x0000000100000000)
  eden space 16384K, 100% used [0x00000000eab00000,0x00000000ebb00000,0x00000000ebb00000)
  from space 2560K, 99% used [0x00000000ebb00000,0x00000000ebd7b6b8,0x00000000ebd80000)
  to   space 2560K, 0% used [0x00000000ecd80000,0x00000000ecd80000,0x00000000ed000000)
 ParOldGen       total 44032K, used 14965K [0x00000000c0000000, 0x00000000c2b00000, 0x00000000eab00000)
  object space 44032K, 33% used [0x00000000c0000000,0x00000000c0e9d608,0x00000000c2b00000)
 Metaspace       used 5732K, capacity 6832K, committed 7040K, reserved 1056768K
  class space    used 584K, capacity 616K, committed 640K, reserved 1048576K
Event: 1.825 GC heap after
Heap after GC invocations=4 (full 0):
 PSYoungGen      total 35328K, used 2557K [0x00000000eab00000, 0x00000000ed000000, 0x0000000100000000)
  eden space 32768K, 0% used [0x00000000eab00000,0x00000000eab00000,0x00000000ecb00000)
  from space 2560K, 99% used [0x00000000ecd80000,0x00000000ecfff6a8,0x00000000ed000000)
  to   space 2560K, 0% used [0x00000000ecb00000,0x00000000ecb00000,0x00000000ecd80000)
 ParOldGen       total 44032K, used 22870K [0x00000000c0000000, 0x00000000c2b00000, 0x00000000eab00000)
  object space 44032K, 51% used [0x00000000c0000000,0x00000000c1655ab0,0x00000000c2b00000)
 Metaspace       used 5732K, capacity 6832K, committed 7040K, reserved 1056768K
  class space    used 584K, capacity 616K, committed 640K, reserved 1048576K
}

Deoptimization events (10 events):
Event: 0.855 Thread 0x0000000002e71000 Uncommon trap: reason=class_check action=maybe_recompile pc=0x00000000031f7bd4 method=java.util.HashMap.getNode(ILjava/lang/Object;)Ljava/util/HashMap$Node; @ 126
Event: 0.856 Thread 0x00000000172a6800 Uncommon trap: reason=class_check action=maybe_recompile pc=0x00000000031f7bd4 method=java.util.HashMap.getNode(ILjava/lang/Object;)Ljava/util/HashMap$Node; @ 126
Event: 0.866 Thread 0x0000000017167800 Uncommon trap: reason=class_check action=maybe_recompile pc=0x00000000031f7bd4 method=java.util.HashMap.getNode(ILjava/lang/Object;)Ljava/util/HashMap$Node; @ 126
Event: 0.866 Thread 0x0000000017167800 Uncommon trap: reason=class_check action=maybe_recompile pc=0x00000000031fa164 method=java.util.HashMap.getNode(ILjava/lang/Object;)Ljava/util/HashMap$Node; @ 126
Event: 0.908 Thread 0x0000000017167800 Uncommon trap: reason=unstable_if action=reinterpret pc=0x0000000003243088 method=java.util.HashMap.getNode(ILjava/lang/Object;)Ljava/util/HashMap$Node; @ 62
Event: 1.031 Thread 0x0000000017299800 Uncommon trap: reason=unstable_if action=reinterpret pc=0x0000000003299e70 method=java.util.BitSet.nextSetBit(I)I @ 87
Event: 1.326 Thread 0x000000001729a800 Uncommon trap: reason=class_check action=maybe_recompile pc=0x00000000032dc090 method=com.android.dx.ssa.NormalSsaInsn.accept(Lcom/android/dx/ssa/SsaInsn$Visitor;)V @ 9
Event: 1.333 Thread 0x00000000172a6800 Uncommon trap: reason=class_check action=maybe_recompile pc=0x00000000032dc090 method=com.android.dx.ssa.NormalSsaInsn.accept(Lcom/android/dx/ssa/SsaInsn$Visitor;)V @ 9
Event: 1.430 Thread 0x0000000002e71000 Uncommon trap: reason=class_check action=maybe_recompile pc=0x00000000032dc090 method=com.android.dx.ssa.NormalSsaInsn.accept(Lcom/android/dx/ssa/SsaInsn$Visitor;)V @ 9
Event: 1.430 Thread 0x0000000002e71000 Uncommon trap: reason=class_check action=maybe_recompile pc=0x00000000032dc090 method=com.android.dx.ssa.NormalSsaInsn.accept(Lcom/android/dx/ssa/SsaInsn$Visitor;)V @ 9

Internal exceptions (2 events):
Event: 0.084 Thread 0x0000000002e71000 Exception <a 'java/lang/NoSuchMethodError': Method sun.misc.Unsafe.defineClass(Ljava/lang/String;[BII)Ljava/lang/Class; name or signature does not match> (0x00000000eab0d1e0) thrown at [C:\re\workspace\8-2-build-windows-amd64-cygwin\jdk8u60\4407\hotspot\srÒÅ£¥,§µ?
Event: 0.085 Thread 0x0000000002e71000 Exception <a 'java/lang/NoSuchMethodError': Method sun.misc.Unsafe.prefetchRead(Ljava/lang/Object;J)V name or signature does not match> (0x00000000eab0d4c8) thrown at [C:\re\workspace\8-2-build-windows-amd64-cygwin\jdk8u60\4407\hotspot\src\share\vm\prims\j

Events (10 events):
Event: 1.726 loading class com/android/dx/util/ListIntSet$1
Event: 1.726 loading class com/android/dx/util/ListIntSet$1 done
Event: 1.727 Executing VM operation: Deoptimize
Event: 1.732 Executing VM operation: Deoptimize done
Event: 1.801 Thread 0x00000000172a6800 DEOPT PACKING pc=0x0000000003383ee3 sp=0x0000000017b3efa0
Event: 1.801 Thread 0x00000000172a6800 DEOPT UNPACKING pc=0x000000000308787f sp=0x0000000017b3ec98 mode 0
Event: 1.808 Executing VM operation: ParallelGCFailedAllocation
Event: 1.825 Executing VM operation: ParallelGCFailedAllocation done
Event: 1.866 Thread 0x000000001729a800 DEOPT PACKING pc=0x00000000033469cc sp=0x0000000017a3ee60
Event: 1.866 Thread 0x000000001729a800 DEOPT UNPACKING pc=0x000000000308787f sp=0x0000000017a3eb88 mode 0


Dynamic libraries:
0x00007ff75bc90000 - 0x00007ff75bcc7000 	C:\Program Files\Java\jdk1.8.0_60\bin\java.exe
0x00007ff849800000 - 0x00007ff8499ad000 	C:\Windows\SYSTEM32\ntdll.dll
0x00007ff847440000 - 0x00007ff84757e000 	C:\Windows\system32\KERNEL32.DLL
0x00007ff846d60000 - 0x00007ff846e75000 	C:\Windows\system32\KERNELBASE.dll
0x00007ff843e20000 - 0x00007ff843eae000 	C:\Windows\system32\apphelp.dll
0x00007ff836320000 - 0x00007ff836373000 	C:\Windows\AppPatch\AppPatch64\AcGenral.DLL
0x00007ff8496f0000 - 0x00007ff84979a000 	C:\Windows\system32\msvcrt.dll
0x00007ff8469f0000 - 0x00007ff846a1e000 	C:\Windows\system32\SspiCli.dll
0x00007ff8497a0000 - 0x00007ff8497f4000 	C:\Windows\system32\SHLWAPI.dll
0x00007ff8490a0000 - 0x00007ff849217000 	C:\Windows\system32\USER32.dll
0x00007ff8494d0000 - 0x00007ff849664000 	C:\Windows\system32\ole32.dll
0x00007ff847980000 - 0x00007ff848ea9000 	C:\Windows\system32\SHELL32.dll
0x00007ff845f40000 - 0x00007ff845f61000 	C:\Windows\SYSTEM32\USERENV.dll
0x00007ff848eb0000 - 0x00007ff848f5a000 	C:\Windows\system32\ADVAPI32.dll
0x00007ff8365a0000 - 0x00007ff8365be000 	C:\Windows\SYSTEM32\MPR.dll
0x00007ff846fe0000 - 0x00007ff847120000 	C:\Windows\system32\RPCRT4.dll
0x00007ff8472e0000 - 0x00007ff847339000 	C:\Windows\SYSTEM32\sechost.dll
0x00007ff847760000 - 0x00007ff847972000 	C:\Windows\SYSTEM32\combase.dll
0x00007ff847190000 - 0x00007ff8472db000 	C:\Windows\system32\GDI32.dll
0x00007ff846920000 - 0x00007ff846935000 	C:\Windows\SYSTEM32\profapi.dll
0x00007ff844670000 - 0x00007ff844722000 	C:\Windows\SYSTEM32\SHCORE.dll
0x00007ff847340000 - 0x00007ff847376000 	C:\Windows\system32\IMM32.DLL
0x00007ff846e80000 - 0x00007ff846fd2000 	C:\Windows\system32\MSCTF.dll
0x0000000077750000 - 0x00000000777d9000 	C:\Windows\System32\SYSFER.DLL
0x00007ff8441f0000 - 0x00007ff84446b000 	C:\Windows\WinSxS\amd64_microsoft.windows.common-controls_6595b64144ccf1df_6.0.9600.18006_none_623f33d3ecbe86e8\COMCTL32.dll
0x0000000074e10000 - 0x0000000074ee2000 	C:\Program Files\Java\jdk1.8.0_60\jre\bin\msvcr100.dll
0x0000000074ef0000 - 0x0000000075779000 	C:\Program Files\Java\jdk1.8.0_60\jre\bin\server\jvm.dll
0x00007ff83e6d0000 - 0x00007ff83e6d9000 	C:\Windows\SYSTEM32\WSOCK32.dll
0x00007ff83f530000 - 0x00007ff83f552000 	C:\Windows\SYSTEM32\WINMM.dll
0x00007ff83ed50000 - 0x00007ff83ed5a000 	C:\Windows\SYSTEM32\VERSION.dll
0x00007ff847580000 - 0x00007ff847587000 	C:\Windows\system32\PSAPI.DLL
0x00007ff848f60000 - 0x00007ff848fba000 	C:\Windows\system32\WS2_32.dll
0x00007ff83f500000 - 0x00007ff83f52a000 	C:\Windows\SYSTEM32\WINMMBASE.dll
0x00007ff8492e0000 - 0x00007ff8492e9000 	C:\Windows\system32\NSI.dll
0x00007ff846d10000 - 0x00007ff846d5f000 	C:\Windows\SYSTEM32\cfgmgr32.dll
0x00007ff845760000 - 0x00007ff845788000 	C:\Windows\SYSTEM32\DEVOBJ.dll
0x0000000075b40000 - 0x0000000075b4f000 	C:\Program Files\Java\jdk1.8.0_60\jre\bin\verify.dll
0x0000000074da0000 - 0x0000000074dc9000 	C:\Program Files\Java\jdk1.8.0_60\jre\bin\java.dll
0x0000000074d80000 - 0x0000000074d96000 	C:\Program Files\Java\jdk1.8.0_60\jre\bin\zip.dll

VM Arguments:
jvm_args: -Djava.awt.headless=true -Xmx1024M -Dfile.encoding=windows-1252 -Duser.country=SG -Duser.language=en -Duser.variant 
java_command: com.android.dx.command.Main --dex --force-jumbo --num-threads=4 --multi-dex --output C:\Users\15004543\Desktop\Year3Sem1\C302(Web Service)\P08\Resources\Android\C302_SecureAddressBook_Starter\C302_SecureAddressBook\app\build\intermediates\transforms\dex\debug\folders\1000\5\slice_9 C:\Users\15004543\Desktop\Year3Sem1\C302(Web Service)\P08\Resources\Android\C302_SecureAddressBook_Starter\C302_SecureAddressBook\app\build\intermediates\transforms\instantRunSlicer\debug\folders\1\5\slice_9
java_class_path (initial): C:\Android\android-sdk\build-tools\25.0.0\lib\dx.jar
Launcher Type: SUN_STANDARD

Environment Variables:
PATH=C:\Program Files (x86)\NVIDIA Corporation\PhysX\Common;C:\ProgramData\Oracle\Java\javapath;C:\Windows\system32;C:\Windows;C:\Windows\System32\Wbem;C:\Windows\System32\WindowsPowerShell\v1.0\;C:\Program Files (x86)\OpenVPN\bin;C:\Program Files (x86)\Hewlett Packard Enterprise\Records Manager\;C:\Program Files (x86)\Skype\Phone\;C:\Program Files\nodejs\;C:\Users\15004543\AppData\Roaming\npm
USERNAME=15004543
OS=Windows_NT
PROCESSOR_IDENTIFIER=Intel64 Family 6 Model 69 Stepping 1, GenuineIntel



---------------  S Y S T E M  ---------------

OS: Windows 8.1 , 64 bit Build 9600 (6.3.9600.17415)

CPU:total 4 (2 cores per cpu, 2 threads per core) family 6 model 69 stepping 1, cmov, cx8, fxsr, mmx, sse, sse2, sse3, ssse3, sse4.1, sse4.2, popcnt, avx, avx2, aes, clmul, erms, lzcnt, ht, tsc, tscinvbit, bmi1, bmi2

Memory: 4k page, physical 4100364k(354196k free), swap 7246092k(5260k free)

vm_info: Java HotSpot(TM) 64-Bit Server VM (25.60-b23) for windows-amd64 JRE (1.8.0_60-b27), built on Aug  4 2015 11:06:27 by "java_re" with MS VC++ 10.0 (VS2010)

time: Tue Jul 11 12:20:10 2017
elapsed time: 2 seconds (0d 0h 0m 2s)

