#
# There is insufficient memory for the Java Runtime Environment to continue.
# Native memory allocation (malloc) failed to allocate 32744 bytes for ChunkPool::allocate
# Possible reasons:
#   The system is out of physical RAM or swap space
#   In 32 bit mode, the process size limit was hit
# Possible solutions:
#   Reduce memory load on the system
#   Increase physical memory or swap space
#   Check if swap backing store is full
#   Use 64 bit Java on a 64 bit OS
#   Decrease Java heap size (-Xmx/-Xms)
#   Decrease number of Java threads
#   Decrease Java thread stack sizes (-Xss)
#   Set larger code cache with -XX:ReservedCodeCacheSize=
# This output file may be truncated or incomplete.
#
#  Out of Memory Error (allocation.cpp:273), pid=8704, tid=2232
#
# JRE version: Java(TM) SE Runtime Environment (8.0_60-b27) (build 1.8.0_60-b27)
# Java VM: Java HotSpot(TM) 64-Bit Server VM (25.60-b23 mixed mode windows-amd64 compressed oops)
# Failed to write core dump. Minidumps are not enabled by default on client versions of Windows
#

---------------  T H R E A D  ---------------

Current thread (0x0000000014c5c800):  JavaThread "C1 CompilerThread2" daemon [_thread_in_native, id=2232, stack(0x0000000016430000,0x0000000016530000)]

Stack: [0x0000000016430000,0x0000000016530000]
[error occurred during error reporting (printing stack bounds), id 0xc0000005]

Native frames: (J=compiled Java code, j=interpreted, Vv=VM code, C=native code)


Current CompileTask:
C1:    437  150   !   3       com.android.dx.cf.cst.ConstantPoolParser::parse0 (731 bytes)


---------------  P R O C E S S  ---------------

Java Threads: ( => current thread )
  0x00000000166b7800 JavaThread "pool-2-thread-2" [_thread_new, id=9388, stack(0x0000000000000000,0x0000000000000000)]
  0x00000000166b1000 JavaThread "pool-3-thread-1" [_thread_blocked, id=9516, stack(0x0000000016c30000,0x0000000016d30000)]
  0x00000000166aa800 JavaThread "pool-2-thread-1" [_thread_blocked, id=9580, stack(0x0000000016b30000,0x0000000016c30000)]
  0x000000001653b800 JavaThread "Service Thread" daemon [_thread_blocked, id=7224, stack(0x0000000016930000,0x0000000016a30000)]
=>0x0000000014c5c800 JavaThread "C1 CompilerThread2" daemon [_thread_in_native, id=2232, stack(0x0000000016430000,0x0000000016530000)]
  0x0000000014c56800 JavaThread "C2 CompilerThread1" daemon [_thread_blocked, id=9284, stack(0x0000000016330000,0x0000000016430000)]
  0x0000000014bf9000 JavaThread "C2 CompilerThread0" daemon [_thread_blocked, id=9260, stack(0x0000000016230000,0x0000000016330000)]
  0x0000000014bf7000 JavaThread "Attach Listener" daemon [_thread_blocked, id=9492, stack(0x0000000016130000,0x0000000016230000)]
  0x0000000014bf5800 JavaThread "Signal Dispatcher" daemon [_thread_blocked, id=8848, stack(0x0000000016030000,0x0000000016130000)]
  0x0000000002526000 JavaThread "Finalizer" daemon [_thread_blocked, id=9680, stack(0x0000000015e50000,0x0000000015f50000)]
  0x000000000251d000 JavaThread "Reference Handler" daemon [_thread_blocked, id=8408, stack(0x0000000015d50000,0x0000000015e50000)]
  0x0000000002431000 JavaThread "main" [_thread_in_native, id=6500, stack(0x00000000022e0000,0x00000000023e0000)]

Other Threads:
  0x0000000014bc7800 VMThread [stack: 0x0000000015c50000,0x0000000015d50000] [id=9148]
  0x0000000016535800 WatcherThread [stack: 0x0000000016a30000,0x0000000016b30000] [id=888]

VM state:not at safepoint (normal execution)

VM Mutex/Monitor currently owned by a thread: None

Heap:
 PSYoungGen      total 18944K, used 3965K [0x00000000eab00000, 0x00000000ec000000, 0x0000000100000000)
  eden space 16384K, 24% used [0x00000000eab00000,0x00000000eaedf460,0x00000000ebb00000)
  from space 2560K, 0% used [0x00000000ebd80000,0x00000000ebd80000,0x00000000ec000000)
  to   space 2560K, 0% used [0x00000000ebb00000,0x00000000ebb00000,0x00000000ebd80000)
 ParOldGen       total 44032K, used 0K [0x00000000c0000000, 0x00000000c2b00000, 0x00000000eab00000)
  object space 44032K, 0% used [0x00000000c0000000,0x00000000c0000000,0x00000000c2b00000)
 Metaspace       used 3765K, capacity 5104K, committed 5376K, reserved 1056768K
  class space    used 431K, capacity 488K, committed 512K, reserved 1048576K

Card table byte_map: [0x00000000118f0000,0x0000000011b00000] byte_map_base: 0x00000000112f0000

Marking Bits: (ParMarkBitMap*) 0x00000000756fa5b0
 Begin Bits: [0x0000000012060000, 0x0000000013060000)
 End Bits:   [0x0000000013060000, 0x0000000014060000)

Polling page: 0x0000000002260000

CodeCache: size=245760Kb used=1335Kb max_used=1345Kb free=244424Kb
 bounds [0x0000000002530000, 0x00000000027a0000, 0x0000000011530000]
 total_blobs=400 nmethods=149 adapters=164
 compilation: enabled

Compilation events (10 events):
Event: 0.428 Thread 0x0000000014c5c800 nmethod 144 0x000000000267b050 code [0x000000000267b2c0, 0x000000000267c3c8]
Event: 0.428 Thread 0x0000000014c5c800  145       3       java.util.zip.InflaterInputStream::ensureOpen (18 bytes)
Event: 0.428 Thread 0x0000000014c5c800 nmethod 145 0x000000000267ccd0 code [0x000000000267ce40, 0x000000000267d0a8]
Event: 0.428 Thread 0x0000000014c5c800  146       3       java.nio.charset.CharsetEncoder::maxBytesPerChar (5 bytes)
Event: 0.428 Thread 0x0000000014c5c800 nmethod 146 0x000000000267d190 code [0x000000000267d2e0, 0x000000000267d430]
Event: 0.428 Thread 0x0000000014c5c800  147       1       java.util.zip.ZipCoder::isUTF8 (5 bytes)
Event: 0.428 Thread 0x0000000014c5c800 nmethod 147 0x000000000267d490 code [0x000000000267d5e0, 0x000000000267d6f0]
Event: 0.429 Thread 0x0000000014bf9000  148       4       java.util.concurrent.ConcurrentHashMap::setTabAt (19 bytes)
Event: 0.429 Thread 0x0000000014c5c800  150   !   3       com.android.dx.cf.cst.ConstantPoolParser::parse0 (731 bytes)
Event: 0.429 Thread 0x0000000014bf9000 nmethod 148 0x00000000026803d0 code [0x0000000002680500, 0x0000000002680578]

GC Heap History (0 events):
No events

Deoptimization events (0 events):
No events

Internal exceptions (2 events):
Event: 0.125 Thread 0x0000000002431000 Exception <a 'java/lang/NoSuchMethodError': Method sun.misc.Unsafe.defineClass(Ljava/lang/String;[BII)Ljava/lang/Class; name or signature does not match> (0x00000000eab0d5b8) thrown at [C:\re\workspace\8-2-build-windows-amd64-cygwin\jdk8u60\4407\hotspot\sr_แนืภ?
Event: 0.125 Thread 0x0000000002431000 Exception <a 'java/lang/NoSuchMethodError': Method sun.misc.Unsafe.prefetchRead(Ljava/lang/Object;J)V name or signature does not match> (0x00000000eab0d8a0) thrown at [C:\re\workspace\8-2-build-windows-amd64-cygwin\jdk8u60\4407\hotspot\src\share\vm\prims\j

Events (10 events):
Event: 0.427 loading class com/android/dx/dex/cf/CfTranslator done
Event: 0.428 loading class com/android/dx/dex/code/DalvCode$AssignIndicesCallback
Event: 0.428 loading class com/android/dx/dex/code/DalvCode$AssignIndicesCallback done
Event: 0.429 loading class com/android/dx/rop/code/TranslationAdvice
Event: 0.429 loading class com/android/dx/rop/code/TranslationAdvice done
Event: 0.430 Thread 0x00000000166b7800 Thread added: 0x00000000166b7800
Event: 0.432 loading class com/android/dx/rop/cst/CstBoolean
Event: 0.432 loading class com/android/dx/rop/cst/CstBoolean done
Event: 0.432 loading class com/android/dx/rop/cst/CstByte
Event: 0.432 loading class com/android/dx/rop/cst/CstByte done


Dynamic libraries:
0x00007ff75bc90000 - 0x00007ff75bcc7000 	C:\Program Files\Java\jdk1.8.0_60\bin\java.exe
0x00007ff849800000 - 0x00007ff8499ad000 	C:\Windows\SYSTEM32\ntdll.dll
0x00007ff847440000 - 0x00007ff84757e000 	C:\Windows\system32\KERNEL32.DLL
0x00007ff846d60000 - 0x00007ff846e75000 	C:\Windows\system32\KERNELBASE.dll
0x00007ff843e20000 - 0x00007ff843eae000 	C:\Windows\system32\apphelp.dll
0x00007ff836320000 - 0x00007ff836373000 	C:\Windows\AppPatch\AppPatch64\AcGenral.DLL
0x00007ff8496f0000 - 0x00007ff84979a000 	C:\Windows\system32\msvcrt.dll
0x00007ff8469f0000 - 0x00007ff846a1e000 	C:\Windows\system32\SspiCli.dll
0x00007ff8497a0000 - 0x00007ff8497f4000 	C:\Windows\system32\SHLWAPI.dll
0x00007ff8490a0000 - 0x00007ff849217000 	C:\Windows\system32\USER32.dll
0x00007ff8494d0000 - 0x00007ff849664000 	C:\Windows\system32\ole32.dll
0x00007ff847980000 - 0x00007ff848ea9000 	C:\Windows\system32\SHELL32.dll
0x00007ff845f40000 - 0x00007ff845f61000 	C:\Windows\SYSTEM32\USERENV.dll
0x00007ff848eb0000 - 0x00007ff848f5a000 	C:\Windows\system32\ADVAPI32.dll
0x00007ff8365a0000 - 0x00007ff8365be000 	C:\Windows\SYSTEM32\MPR.dll
0x00007ff846fe0000 - 0x00007ff847120000 	C:\Windows\system32\RPCRT4.dll
0x00007ff8472e0000 - 0x00007ff847339000 	C:\Windows\SYSTEM32\sechost.dll
0x00007ff847760000 - 0x00007ff847972000 	C:\Windows\SYSTEM32\combase.dll
0x00007ff847190000 - 0x00007ff8472db000 	C:\Windows\system32\GDI32.dll
0x00007ff846920000 - 0x00007ff846935000 	C:\Windows\SYSTEM32\profapi.dll
0x00007ff844670000 - 0x00007ff844722000 	C:\Windows\SYSTEM32\SHCORE.dll
0x00007ff847340000 - 0x00007ff847376000 	C:\Windows\system32\IMM32.DLL
0x00007ff846e80000 - 0x00007ff846fd2000 	C:\Windows\system32\MSCTF.dll
0x0000000077750000 - 0x00000000777d9000 	C:\Windows\System32\SYSFER.DLL
0x00007ff8441f0000 - 0x00007ff84446b000 	C:\Windows\WinSxS\amd64_microsoft.windows.common-controls_6595b64144ccf1df_6.0.9600.18006_none_623f33d3ecbe86e8\COMCTL32.dll
0x0000000074e10000 - 0x0000000074ee2000 	C:\Program Files\Java\jdk1.8.0_60\jre\bin\msvcr100.dll
0x0000000074ef0000 - 0x0000000075779000 	C:\Program Files\Java\jdk1.8.0_60\jre\bin\server\jvm.dll
0x00007ff83e6d0000 - 0x00007ff83e6d9000 	C:\Windows\SYSTEM32\WSOCK32.dll
0x00007ff83f530000 - 0x00007ff83f552000 	C:\Windows\SYSTEM32\WINMM.dll
0x00007ff83ed50000 - 0x00007ff83ed5a000 	C:\Windows\SYSTEM32\VERSION.dll
0x00007ff847580000 - 0x00007ff847587000 	C:\Windows\system32\PSAPI.DLL
0x00007ff848f60000 - 0x00007ff848fba000 	C:\Windows\system32\WS2_32.dll
0x00007ff83f500000 - 0x00007ff83f52a000 	C:\Windows\SYSTEM32\WINMMBASE.dll
0x00007ff8492e0000 - 0x00007ff8492e9000 	C:\Windows\system32\NSI.dll
0x00007ff846d10000 - 0x00007ff846d5f000 	C:\Windows\SYSTEM32\cfgmgr32.dll
0x00007ff845760000 - 0x00007ff845788000 	C:\Windows\SYSTEM32\DEVOBJ.dll
0x0000000075b40000 - 0x0000000075b4f000 	C:\Program Files\Java\jdk1.8.0_60\jre\bin\verify.dll
0x0000000074da0000 - 0x0000000074dc9000 	C:\Program Files\Java\jdk1.8.0_60\jre\bin\java.dll
0x0000000074d80000 - 0x0000000074d96000 	C:\Program Files\Java\jdk1.8.0_60\jre\bin\zip.dll

VM Arguments:
jvm_args: -Djava.awt.headless=true -Xmx1024M -Dfile.encoding=windows-1252 -Duser.country=SG -Duser.language=en -Duser.variant 
java_command: com.android.dx.command.Main --dex --force-jumbo --num-threads=4 --multi-dex --output C:\Users\15004543\Desktop\Year3Sem1\C302(Web Service)\P08\Resources\Android\C302_SecureAddressBook_Starter\C302_SecureAddressBook\app\build\intermediates\transforms\dex\debug\folders\1000\5\slice_0 C:\Users\15004543\Desktop\Year3Sem1\C302(Web Service)\P08\Resources\Android\C302_SecureAddressBook_Starter\C302_SecureAddressBook\app\build\intermediates\transforms\instantRunSlicer\debug\folders\1\5\slice_0
java_class_path (initial): C:\Android\android-sdk\build-tools\25.0.0\lib\dx.jar
Launcher Type: SUN_STANDARD

Environment Variables:
PATH=C:\Program Files (x86)\NVIDIA Corporation\PhysX\Common;C:\ProgramData\Oracle\Java\javapath;C:\Windows\system32;C:\Windows;C:\Windows\System32\Wbem;C:\Windows\System32\WindowsPowerShell\v1.0\;C:\Program Files (x86)\OpenVPN\bin;C:\Program Files (x86)\Hewlett Packard Enterprise\Records Manager\;C:\Program Files (x86)\Skype\Phone\;C:\Program Files\nodejs\;C:\Users\15004543\AppData\Roaming\npm
USERNAME=15004543
OS=Windows_NT
PROCESSOR_IDENTIFIER=Intel64 Family 6 Model 69 Stepping 1, GenuineIntel



---------------  S Y S T E M  ---------------

OS: Windows 8.1 , 64 bit Build 9600 (6.3.9600.17415)

CPU:total 4 (2 cores per cpu, 2 threads per core) family 6 model 69 stepping 1, cmov, cx8, fxsr, mmx, sse, sse2, sse3, ssse3, sse4.1, sse4.2, popcnt, avx, avx2, aes, clmul, erms, lzcnt, ht, tsc, tscinvbit, bmi1, bmi2

Memory: 4k page, physical 4100364k(249940k free), swap 7246092k(4632k free)

vm_info: Java HotSpot(TM) 64-Bit Server VM (25.60-b23) for windows-amd64 JRE (1.8.0_60-b27), built on Aug  4 2015 11:06:27 by "java_re" with MS VC++ 10.0 (VS2010)

time: Tue Jul 11 12:22:21 2017
elapsed time: 0 seconds (0d 0h 0m 0s)

